{"G:\\Development_Repos\\Personal\\project-404-next\\server\\src\\models\\Conversation.ts": {"path":"G:\\Development_Repos\\Personal\\project-404-next\\server\\src\\models\\Conversation.ts","statementMap":{"0":{"start":{"line":1,"column":0},"end":{"line":1,"column":54}},"1":{"start":{"line":19,"column":22},"end":{"line":23,"column":2}},"2":{"start":{"line":25,"column":27},"end":{"line":33,"column":2}},"3":{"start":{"line":35,"column":13},"end":{"line":35,"column":94}}},"fnMap":{},"branchMap":{},"s":{"0":1,"1":1,"2":1,"3":1},"f":{},"b":{}}
,"G:\\Development_Repos\\Personal\\project-404-next\\server\\src\\models\\Preferences.ts": {"path":"G:\\Development_Repos\\Personal\\project-404-next\\server\\src\\models\\Preferences.ts","statementMap":{"0":{"start":{"line":1,"column":0},"end":{"line":1,"column":54}},"1":{"start":{"line":18,"column":26},"end":{"line":31,"column":2}},"2":{"start":{"line":33,"column":13},"end":{"line":33,"column":90}}},"fnMap":{},"branchMap":{},"s":{"0":2,"1":2,"2":2},"f":{},"b":{}}
,"G:\\Development_Repos\\Personal\\project-404-next\\server\\src\\models\\User.ts": {"path":"G:\\Development_Repos\\Personal\\project-404-next\\server\\src\\models\\User.ts","statementMap":{"0":{"start":{"line":1,"column":0},"end":{"line":1,"column":54}},"1":{"start":{"line":26,"column":19},"end":{"line":49,"column":2}},"2":{"start":{"line":51,"column":13},"end":{"line":51,"column":62}}},"fnMap":{},"branchMap":{},"s":{"0":1,"1":1,"2":1},"f":{},"b":{}}
,"G:\\Development_Repos\\Personal\\project-404-next\\server\\src\\resolvers\\conversationResolvers.ts": {"path":"G:\\Development_Repos\\Personal\\project-404-next\\server\\src\\resolvers\\conversationResolvers.ts","statementMap":{"0":{"start":{"line":1,"column":0},"end":{"line":1,"column":54}},"1":{"start":{"line":3,"column":13},"end":{"line":24,"column":2}},"2":{"start":{"line":6,"column":6},"end":{"line":6,"column":49}},"3":{"start":{"line":9,"column":6},"end":{"line":9,"column":73}},"4":{"start":{"line":14,"column":6},"end":{"line":14,"column":80}},"5":{"start":{"line":17,"column":6},"end":{"line":17,"column":88}},"6":{"start":{"line":20,"column":6},"end":{"line":20,"column":59}},"7":{"start":{"line":21,"column":6},"end":{"line":21,"column":62}}},"fnMap":{"0":{"name":"(anonymous_0)","decl":{"start":{"line":5,"column":22},"end":{"line":5,"column":27}},"loc":{"start":{"line":5,"column":71},"end":{"line":7,"column":5}}},"1":{"name":"(anonymous_1)","decl":{"start":{"line":8,"column":21},"end":{"line":8,"column":26}},"loc":{"start":{"line":8,"column":71},"end":{"line":10,"column":5}}},"2":{"name":"(anonymous_2)","decl":{"start":{"line":13,"column":24},"end":{"line":13,"column":29}},"loc":{"start":{"line":13,"column":87},"end":{"line":15,"column":5}}},"3":{"name":"(anonymous_3)","decl":{"start":{"line":16,"column":24},"end":{"line":16,"column":29}},"loc":{"start":{"line":16,"column":73},"end":{"line":18,"column":5}}},"4":{"name":"(anonymous_4)","decl":{"start":{"line":19,"column":24},"end":{"line":19,"column":29}},"loc":{"start":{"line":19,"column":66},"end":{"line":22,"column":5}}}},"branchMap":{},"s":{"0":1,"1":1,"2":2,"3":2,"4":2,"5":2,"6":2,"7":1},"f":{"0":2,"1":2,"2":2,"3":2,"4":2},"b":{}}
,"G:\\Development_Repos\\Personal\\project-404-next\\server\\src\\resolvers\\preferencesResolvers.ts": {"path":"G:\\Development_Repos\\Personal\\project-404-next\\server\\src\\resolvers\\preferencesResolvers.ts","statementMap":{"0":{"start":{"line":1,"column":0},"end":{"line":1,"column":52}},"1":{"start":{"line":3,"column":13},"end":{"line":14,"column":2}},"2":{"start":{"line":6,"column":6},"end":{"line":6,"column":51}},"3":{"start":{"line":11,"column":6},"end":{"line":11,"column":113}}},"fnMap":{"0":{"name":"(anonymous_0)","decl":{"start":{"line":5,"column":20},"end":{"line":5,"column":25}},"loc":{"start":{"line":5,"column":69},"end":{"line":7,"column":5}}},"1":{"name":"(anonymous_1)","decl":{"start":{"line":10,"column":23},"end":{"line":10,"column":28}},"loc":{"start":{"line":10,"column":64},"end":{"line":12,"column":5}}}},"branchMap":{},"s":{"0":1,"1":1,"2":2,"3":2},"f":{"0":2,"1":2},"b":{}}
,"G:\\Development_Repos\\Personal\\project-404-next\\server\\src\\resolvers\\userResolvers.ts": {"path":"G:\\Development_Repos\\Personal\\project-404-next\\server\\src\\resolvers\\userResolvers.ts","statementMap":{"0":{"start":{"line":1,"column":0},"end":{"line":1,"column":38}},"1":{"start":{"line":2,"column":0},"end":{"line":2,"column":52}},"2":{"start":{"line":5,"column":13},"end":{"line":121,"column":2}},"3":{"start":{"line":8,"column":6},"end":{"line":8,"column":117}},"4":{"start":{"line":13,"column":22},"end":{"line":19,"column":8}},"5":{"start":{"line":20,"column":6},"end":{"line":20,"column":27}},"6":{"start":{"line":21,"column":6},"end":{"line":21,"column":21}},"7":{"start":{"line":24,"column":6},"end":{"line":24,"column":72}},"8":{"start":{"line":27,"column":6},"end":{"line":27,"column":43}},"9":{"start":{"line":28,"column":6},"end":{"line":28,"column":54}},"10":{"start":{"line":31,"column":6},"end":{"line":118,"column":7}},"11":{"start":{"line":32,"column":23},"end":{"line":32,"column":25}},"12":{"start":{"line":33,"column":28},"end":{"line":33,"column":38}},"13":{"start":{"line":34,"column":32},"end":{"line":34,"column":64}},"14":{"start":{"line":37,"column":44},"end":{"line":40,"column":10}},"15":{"start":{"line":44,"column":8},"end":{"line":86,"column":9}},"16":{"start":{"line":46,"column":10},"end":{"line":59,"column":11}},"17":{"start":{"line":48,"column":42},"end":{"line":48,"column":95}},"18":{"start":{"line":49,"column":45},"end":{"line":49,"column":101}},"19":{"start":{"line":51,"column":12},"end":{"line":56,"column":13}},"20":{"start":{"line":52,"column":14},"end":{"line":52,"column":86}},"21":{"start":{"line":53,"column":14},"end":{"line":53,"column":52}},"22":{"start":{"line":54,"column":19},"end":{"line":56,"column":13}},"23":{"start":{"line":55,"column":14},"end":{"line":55,"column":57}},"24":{"start":{"line":58,"column":12},"end":{"line":58,"column":44}},"25":{"start":{"line":62,"column":30},"end":{"line":62,"column":91}},"26":{"start":{"line":62,"column":68},"end":{"line":62,"column":90}},"27":{"start":{"line":64,"column":10},"end":{"line":78,"column":11}},"28":{"start":{"line":66,"column":12},"end":{"line":73,"column":15}},"29":{"start":{"line":74,"column":17},"end":{"line":78,"column":11}},"30":{"start":{"line":76,"column":12},"end":{"line":76,"column":40}},"31":{"start":{"line":77,"column":12},"end":{"line":77,"column":59}},"32":{"start":{"line":81,"column":10},"end":{"line":81,"column":55}},"33":{"start":{"line":82,"column":10},"end":{"line":82,"column":54}},"34":{"start":{"line":84,"column":10},"end":{"line":84,"column":34}},"35":{"start":{"line":85,"column":10},"end":{"line":85,"column":28}},"36":{"start":{"line":89,"column":8},"end":{"line":107,"column":9}},"37":{"start":{"line":91,"column":10},"end":{"line":95,"column":14}},"38":{"start":{"line":91,"column":80},"end":{"line":95,"column":12}},"39":{"start":{"line":98,"column":10},"end":{"line":103,"column":13}},"40":{"start":{"line":105,"column":10},"end":{"line":105,"column":37}},"41":{"start":{"line":106,"column":10},"end":{"line":106,"column":31}},"42":{"start":{"line":110,"column":8},"end":{"line":110,"column":55}},"43":{"start":{"line":112,"column":8},"end":{"line":114,"column":9}},"44":{"start":{"line":113,"column":10},"end":{"line":113,"column":22}},"45":{"start":{"line":116,"column":8},"end":{"line":116,"column":52}},"46":{"start":{"line":117,"column":8},"end":{"line":117,"column":49}}},"fnMap":{"0":{"name":"(anonymous_0)","decl":{"start":{"line":7,"column":13},"end":{"line":7,"column":18}},"loc":{"start":{"line":7,"column":62},"end":{"line":9,"column":5}}},"1":{"name":"(anonymous_1)","decl":{"start":{"line":12,"column":16},"end":{"line":12,"column":21}},"loc":{"start":{"line":12,"column":73},"end":{"line":22,"column":5}}},"2":{"name":"(anonymous_2)","decl":{"start":{"line":23,"column":16},"end":{"line":23,"column":21}},"loc":{"start":{"line":23,"column":57},"end":{"line":25,"column":5}}},"3":{"name":"(anonymous_3)","decl":{"start":{"line":26,"column":16},"end":{"line":26,"column":21}},"loc":{"start":{"line":26,"column":50},"end":{"line":29,"column":5}}},"4":{"name":"(anonymous_4)","decl":{"start":{"line":30,"column":19},"end":{"line":30,"column":24}},"loc":{"start":{"line":30,"column":88},"end":{"line":119,"column":5}}},"5":{"name":"(anonymous_5)","decl":{"start":{"line":62,"column":59},"end":{"line":62,"column":60}},"loc":{"start":{"line":62,"column":68},"end":{"line":62,"column":90}}},"6":{"name":"(anonymous_6)","decl":{"start":{"line":91,"column":70},"end":{"line":91,"column":71}},"loc":{"start":{"line":91,"column":80},"end":{"line":95,"column":12}}}},"branchMap":{"0":{"loc":{"start":{"line":34,"column":32},"end":{"line":34,"column":64}},"type":"cond-expr","locations":[{"start":{"line":34,"column":40},"end":{"line":34,"column":59}},{"start":{"line":34,"column":62},"end":{"line":34,"column":64}}]},"1":{"loc":{"start":{"line":44,"column":8},"end":{"line":86,"column":9}},"type":"if","locations":[{"start":{"line":44,"column":8},"end":{"line":86,"column":9}}]},"2":{"loc":{"start":{"line":46,"column":10},"end":{"line":59,"column":11}},"type":"if","locations":[{"start":{"line":46,"column":10},"end":{"line":59,"column":11}}]},"3":{"loc":{"start":{"line":51,"column":12},"end":{"line":56,"column":13}},"type":"if","locations":[{"start":{"line":51,"column":12},"end":{"line":56,"column":13}},{"start":{"line":54,"column":19},"end":{"line":56,"column":13}}]},"4":{"loc":{"start":{"line":51,"column":16},"end":{"line":51,"column":66}},"type":"binary-expr","locations":[{"start":{"line":51,"column":16},"end":{"line":51,"column":38}},{"start":{"line":51,"column":42},"end":{"line":51,"column":66}}]},"5":{"loc":{"start":{"line":54,"column":19},"end":{"line":56,"column":13}},"type":"if","locations":[{"start":{"line":54,"column":19},"end":{"line":56,"column":13}}]},"6":{"loc":{"start":{"line":64,"column":10},"end":{"line":78,"column":11}},"type":"if","locations":[{"start":{"line":64,"column":10},"end":{"line":78,"column":11}},{"start":{"line":74,"column":17},"end":{"line":78,"column":11}}]},"7":{"loc":{"start":{"line":74,"column":17},"end":{"line":78,"column":11}},"type":"if","locations":[{"start":{"line":74,"column":17},"end":{"line":78,"column":11}}]},"8":{"loc":{"start":{"line":89,"column":8},"end":{"line":107,"column":9}},"type":"if","locations":[{"start":{"line":89,"column":8},"end":{"line":107,"column":9}}]},"9":{"loc":{"start":{"line":112,"column":8},"end":{"line":114,"column":9}},"type":"if","locations":[{"start":{"line":112,"column":8},"end":{"line":114,"column":9}}]},"10":{"loc":{"start":{"line":112,"column":12},"end":{"line":112,"column":85}},"type":"binary-expr","locations":[{"start":{"line":112,"column":12},"end":{"line":112,"column":34}},{"start":{"line":112,"column":38},"end":{"line":112,"column":85}}]}},"s":{"0":1,"1":1,"2":1,"3":2,"4":2,"5":2,"6":1,"7":2,"8":2,"9":1,"10":3,"11":3,"12":3,"13":3,"14":3,"15":3,"16":2,"17":2,"18":2,"19":2,"20":1,"21":1,"22":1,"23":0,"24":2,"25":1,"26":1,"27":1,"28":1,"29":0,"30":0,"31":0,"32":1,"33":1,"34":1,"35":1,"36":1,"37":0,"38":0,"39":0,"40":0,"41":0,"42":1,"43":2,"44":1,"45":1,"46":1},"f":{"0":2,"1":2,"2":2,"3":2,"4":3,"5":1,"6":0},"b":{"0":[3,0],"1":[2],"2":[2],"3":[1,1],"4":[2,2],"5":[0],"6":[1,0],"7":[0],"8":[0],"9":[1],"10":[2,2]}}
}
