TN:
SF:src\models\Conversation.ts
FNF:0
FNH:0
DA:1,1
DA:19,1
DA:25,1
DA:35,1
LF:4
LH:4
BRF:0
BRH:0
end_of_record
TN:
SF:src\models\Preferences.ts
FNF:0
FNH:0
DA:1,2
DA:18,2
DA:33,2
LF:3
LH:3
BRF:0
BRH:0
end_of_record
TN:
SF:src\models\User.ts
FNF:0
FNH:0
DA:1,1
DA:26,1
DA:51,1
LF:3
LH:3
BRF:0
BRH:0
end_of_record
TN:
SF:src\resolvers\conversationResolvers.ts
FN:5,(anonymous_0)
FN:8,(anonymous_1)
FN:13,(anonymous_2)
FN:16,(anonymous_3)
FN:19,(anonymous_4)
FNF:5
FNH:5
FNDA:2,(anonymous_0)
FNDA:2,(anonymous_1)
FNDA:2,(anonymous_2)
FNDA:2,(anonymous_3)
FNDA:2,(anonymous_4)
DA:1,1
DA:3,1
DA:6,2
DA:9,2
DA:14,2
DA:17,2
DA:20,2
DA:21,1
LF:8
LH:8
BRF:0
BRH:0
end_of_record
TN:
SF:src\resolvers\preferencesResolvers.ts
FN:5,(anonymous_0)
FN:10,(anonymous_1)
FNF:2
FNH:2
FNDA:2,(anonymous_0)
FNDA:2,(anonymous_1)
DA:1,1
DA:3,1
DA:6,2
DA:11,2
LF:4
LH:4
BRF:0
BRH:0
end_of_record
TN:
SF:src\resolvers\userResolvers.ts
FN:7,(anonymous_0)
FN:12,(anonymous_1)
FN:23,(anonymous_2)
FN:26,(anonymous_3)
FN:30,(anonymous_4)
FN:62,(anonymous_5)
FN:91,(anonymous_6)
FNF:7
FNH:6
FNDA:2,(anonymous_0)
FNDA:2,(anonymous_1)
FNDA:2,(anonymous_2)
FNDA:2,(anonymous_3)
FNDA:3,(anonymous_4)
FNDA:1,(anonymous_5)
FNDA:0,(anonymous_6)
DA:1,1
DA:2,1
DA:5,1
DA:8,2
DA:13,2
DA:20,2
DA:21,1
DA:24,2
DA:27,2
DA:28,1
DA:31,3
DA:32,3
DA:33,3
DA:34,3
DA:37,3
DA:44,3
DA:46,2
DA:48,2
DA:49,2
DA:51,2
DA:52,1
DA:53,1
DA:54,1
DA:55,0
DA:58,2
DA:62,1
DA:64,1
DA:66,1
DA:74,0
DA:76,0
DA:77,0
DA:81,1
DA:82,1
DA:84,1
DA:85,1
DA:89,1
DA:91,0
DA:98,0
DA:105,0
DA:106,0
DA:110,1
DA:112,2
DA:113,1
DA:116,1
DA:117,1
LF:45
LH:37
BRDA:34,0,0,3
BRDA:34,0,1,0
BRDA:44,1,0,2
BRDA:46,2,0,2
BRDA:51,3,0,1
BRDA:51,3,1,1
BRDA:51,4,0,2
BRDA:51,4,1,2
BRDA:54,5,0,0
BRDA:64,6,0,1
BRDA:64,6,1,0
BRDA:74,7,0,0
BRDA:89,8,0,0
BRDA:112,9,0,1
BRDA:112,10,0,2
BRDA:112,10,1,2
BRF:16
BRH:11
end_of_record
